<?xml version="1.0" encoding="UTF-8"?>
<!-- Generated by org.testng.reporters.JUnitXMLReporter -->
<testsuite ignored="0" hostname="SonuAcharya" failures="0" tests="3" name="Test" time="24.102" errors="0" timestamp="2023-03-02T18:08:38 IST">
  <testcase classname="banking.obs.staff.CreateCustomerAccountAndApprove" name="createCustomerAccountAndApprove" time="7.229"/>
  <testcase classname="banking.obs.customer.AddBenificaryTransferTheAmount" name="addBenificaryTransferTheAmount" time="3.337"/>
  <testcase classname="banking.obs.customer.AplyDebitcardAndRegd" name="AplyDebitcardAndRegd" time="5.006"/>
</testsuite> <!-- Test -->
